
*** Running vivado
    with args -log top.vds -m64 -product Vivado -mode batch -messageDb vivado.pb -notrace -source top.tcl



****** Vivado v2020.1 (64-bit)
  **** SW Build 2902540 on Wed May 27 19:54:49 MDT 2020
  **** IP Build 2902112 on Wed May 27 22:43:36 MDT 2020
    ** Copyright 1986-2020 Xilinx, Inc. All Rights Reserved.

source top.tcl -notrace
Command: synth_design -top top -part xc7a35tcpg236-1
Starting synth_design
Attempting to get a license for feature 'Synthesis' and/or device 'xc7a35t'
INFO: [Common 17-349] Got license for feature 'Synthesis' and/or device 'xc7a35t'
INFO: [Device 21-403] Loading part xc7a35tcpg236-1
INFO: [Synth 8-7079] Multithreading enabled for synth_design using a maximum of 2 processes.
INFO: [Synth 8-7078] Launching helper process for spawning children vivado processes
INFO: [Synth 8-7075] Helper process launched with PID 9084
WARNING: [Synth 8-2611] redeclaration of ansi port collision is not allowed [C:/Users/DELL/Desktop/dld/lab_10/lab_10.srcs/sources_1/new/Pacman_Movement.v:43]
WARNING: [Synth 8-2611] redeclaration of ansi port x_pos is not allowed [C:/Users/DELL/Desktop/dld/lab_10/lab_10.srcs/sources_1/new/Pacman_Movement.v:45]
WARNING: [Synth 8-2611] redeclaration of ansi port y_pos is not allowed [C:/Users/DELL/Desktop/dld/lab_10/lab_10.srcs/sources_1/new/Pacman_Movement.v:46]
WARNING: [Synth 8-2611] redeclaration of ansi port collided is not allowed [C:/Users/DELL/Desktop/dld/lab_10/lab_10.srcs/sources_1/new/collision.v:34]
WARNING: [Synth 8-2611] redeclaration of ansi port x_pos is not allowed [C:/Users/DELL/Desktop/dld/lab_10/lab_10.srcs/sources_1/new/ghost.v:28]
WARNING: [Synth 8-2611] redeclaration of ansi port y_pos is not allowed [C:/Users/DELL/Desktop/dld/lab_10/lab_10.srcs/sources_1/new/ghost.v:29]
WARNING: [Synth 8-2611] redeclaration of ansi port x_pos is not allowed [C:/Users/DELL/Desktop/dld/lab_10/lab_10.srcs/sources_1/new/ghost2.v:28]
WARNING: [Synth 8-2611] redeclaration of ansi port y_pos is not allowed [C:/Users/DELL/Desktop/dld/lab_10/lab_10.srcs/sources_1/new/ghost2.v:29]
---------------------------------------------------------------------------------
Starting RTL Elaboration : Time (s): cpu = 00:00:07 ; elapsed = 00:00:07 . Memory (MB): peak = 1013.406 ; gain = 0.000
---------------------------------------------------------------------------------
INFO: [Synth 8-6157] synthesizing module 'top' [C:/Users/DELL/Desktop/dld/lab_10/lab_10.srcs/sources_1/new/top.v:23]
INFO: [Synth 8-6157] synthesizing module 'clock_divider' [C:/Users/DELL/Desktop/dld/lab_10/lab_10.srcs/sources_1/new/clock_divider.v:23]
	Parameter div_value bound to: 1 - type: integer 
INFO: [Synth 8-6155] done synthesizing module 'clock_divider' (1#1) [C:/Users/DELL/Desktop/dld/lab_10/lab_10.srcs/sources_1/new/clock_divider.v:23]
INFO: [Synth 8-6157] synthesizing module 'hcounter' [C:/Users/DELL/Desktop/dld/lab_10/lab_10.srcs/sources_1/new/lab_10.v:23]
INFO: [Synth 8-6155] done synthesizing module 'hcounter' (2#1) [C:/Users/DELL/Desktop/dld/lab_10/lab_10.srcs/sources_1/new/lab_10.v:23]
INFO: [Synth 8-6157] synthesizing module 'v_counter' [C:/Users/DELL/Desktop/dld/lab_10/lab_10.srcs/sources_1/new/v_counter.v:39]
INFO: [Synth 8-6155] done synthesizing module 'v_counter' (3#1) [C:/Users/DELL/Desktop/dld/lab_10/lab_10.srcs/sources_1/new/v_counter.v:39]
INFO: [Synth 8-6157] synthesizing module 'vga_sync' [C:/Users/DELL/Desktop/dld/lab_10/lab_10.srcs/sources_1/new/vga_sync.v:23]
	Parameter HD bound to: 640 - type: integer 
	Parameter HF bound to: 16 - type: integer 
	Parameter HB bound to: 48 - type: integer 
	Parameter HR bound to: 96 - type: integer 
	Parameter VD bound to: 480 - type: integer 
	Parameter VF bound to: 10 - type: integer 
	Parameter VB bound to: 33 - type: integer 
	Parameter VR bound to: 2 - type: integer 
	Parameter line bound to: 640 - type: integer 
INFO: [Synth 8-6155] done synthesizing module 'vga_sync' (4#1) [C:/Users/DELL/Desktop/dld/lab_10/lab_10.srcs/sources_1/new/vga_sync.v:23]
INFO: [Synth 8-6157] synthesizing module 'ghost' [C:/Users/DELL/Desktop/dld/lab_10/lab_10.srcs/sources_1/new/ghost.v:23]
INFO: [Synth 8-6155] done synthesizing module 'ghost' (5#1) [C:/Users/DELL/Desktop/dld/lab_10/lab_10.srcs/sources_1/new/ghost.v:23]
INFO: [Synth 8-6157] synthesizing module 'ghost2' [C:/Users/DELL/Desktop/dld/lab_10/lab_10.srcs/sources_1/new/ghost2.v:23]
INFO: [Synth 8-6155] done synthesizing module 'ghost2' (6#1) [C:/Users/DELL/Desktop/dld/lab_10/lab_10.srcs/sources_1/new/ghost2.v:23]
INFO: [Synth 8-6157] synthesizing module 'Pacman_Movement' [C:/Users/DELL/Desktop/dld/lab_10/lab_10.srcs/sources_1/new/Pacman_Movement.v:23]
INFO: [Synth 8-6155] done synthesizing module 'Pacman_Movement' (7#1) [C:/Users/DELL/Desktop/dld/lab_10/lab_10.srcs/sources_1/new/Pacman_Movement.v:23]
INFO: [Synth 8-6157] synthesizing module 'collision' [C:/Users/DELL/Desktop/dld/lab_10/lab_10.srcs/sources_1/new/collision.v:23]
INFO: [Synth 8-6155] done synthesizing module 'collision' (8#1) [C:/Users/DELL/Desktop/dld/lab_10/lab_10.srcs/sources_1/new/collision.v:23]
INFO: [Synth 8-6157] synthesizing module 'pixel_gen' [C:/Users/DELL/Desktop/dld/lab_10/lab_10.srcs/sources_1/new/pixel_gen.v:23]
INFO: [Synth 8-6155] done synthesizing module 'pixel_gen' (9#1) [C:/Users/DELL/Desktop/dld/lab_10/lab_10.srcs/sources_1/new/pixel_gen.v:23]
INFO: [Synth 8-6155] done synthesizing module 'top' (10#1) [C:/Users/DELL/Desktop/dld/lab_10/lab_10.srcs/sources_1/new/top.v:23]
---------------------------------------------------------------------------------
Finished RTL Elaboration : Time (s): cpu = 00:00:09 ; elapsed = 00:00:09 . Memory (MB): peak = 1013.406 ; gain = 0.000
---------------------------------------------------------------------------------
---------------------------------------------------------------------------------
Start Handling Custom Attributes
---------------------------------------------------------------------------------
---------------------------------------------------------------------------------
Finished Handling Custom Attributes : Time (s): cpu = 00:00:10 ; elapsed = 00:00:10 . Memory (MB): peak = 1013.406 ; gain = 0.000
---------------------------------------------------------------------------------
---------------------------------------------------------------------------------
Finished RTL Optimization Phase 1 : Time (s): cpu = 00:00:10 ; elapsed = 00:00:10 . Memory (MB): peak = 1013.406 ; gain = 0.000
---------------------------------------------------------------------------------
Netlist sorting complete. Time (s): cpu = 00:00:00 ; elapsed = 00:00:00.051 . Memory (MB): peak = 1013.406 ; gain = 0.000
INFO: [Project 1-570] Preparing netlist for logic optimization

Processing XDC Constraints
Initializing timing engine
Parsing XDC File [C:/Users/DELL/Desktop/dld/lab_10/lab_10.srcs/constrs_1/new/constraints.xdc]
Finished Parsing XDC File [C:/Users/DELL/Desktop/dld/lab_10/lab_10.srcs/constrs_1/new/constraints.xdc]
INFO: [Project 1-236] Implementation specific constraints were found while reading constraint file [C:/Users/DELL/Desktop/dld/lab_10/lab_10.srcs/constrs_1/new/constraints.xdc]. These constraints will be ignored for synthesis but will be used in implementation. Impacted constraints are listed in the file [.Xil/top_propImpl.xdc].
Resolution: To avoid this warning, move constraints listed in [.Xil/top_propImpl.xdc] to another XDC file and exclude this new file from synthesis with the used_in_synthesis property (File Properties dialog in GUI) and re-run elaboration/synthesis.
Completed Processing XDC Constraints

Netlist sorting complete. Time (s): cpu = 00:00:00 ; elapsed = 00:00:00.001 . Memory (MB): peak = 1013.406 ; gain = 0.000
INFO: [Project 1-111] Unisim Transformation Summary:
No Unisim elements were transformed.

Constraint Validation Runtime : Time (s): cpu = 00:00:00 ; elapsed = 00:00:00.007 . Memory (MB): peak = 1013.406 ; gain = 0.000
---------------------------------------------------------------------------------
Finished Constraint Validation : Time (s): cpu = 00:00:19 ; elapsed = 00:00:19 . Memory (MB): peak = 1013.406 ; gain = 0.000
---------------------------------------------------------------------------------
---------------------------------------------------------------------------------
Start Loading Part and Timing Information
---------------------------------------------------------------------------------
Loading part: xc7a35tcpg236-1
---------------------------------------------------------------------------------
Finished Loading Part and Timing Information : Time (s): cpu = 00:00:19 ; elapsed = 00:00:19 . Memory (MB): peak = 1013.406 ; gain = 0.000
---------------------------------------------------------------------------------
---------------------------------------------------------------------------------
Start Applying 'set_property' XDC Constraints
---------------------------------------------------------------------------------
---------------------------------------------------------------------------------
Finished applying 'set_property' XDC Constraints : Time (s): cpu = 00:00:19 ; elapsed = 00:00:19 . Memory (MB): peak = 1013.406 ; gain = 0.000
---------------------------------------------------------------------------------
---------------------------------------------------------------------------------
Finished RTL Optimization Phase 2 : Time (s): cpu = 00:00:23 ; elapsed = 00:00:23 . Memory (MB): peak = 1013.406 ; gain = 0.000
---------------------------------------------------------------------------------
---------------------------------------------------------------------------------
Start RTL Component Statistics 
---------------------------------------------------------------------------------
Detailed RTL Component Info : 
+---Adders : 
	   2 Input   32 Bit       Adders := 69    
	   3 Input   32 Bit       Adders := 86    
	   2 Input   11 Bit       Adders := 4     
	   2 Input   10 Bit       Adders := 6     
	   2 Input    5 Bit       Adders := 3     
	   2 Input    1 Bit       Adders := 1     
+---Registers : 
	               10 Bit    Registers := 8     
	                6 Bit    Registers := 1     
	                5 Bit    Registers := 3     
	                4 Bit    Registers := 3     
	                1 Bit    Registers := 44    
+---Multipliers : 
	              32x32  Multipliers := 10    
+---Muxes : 
	  38 Input    6 Bit        Muxes := 1     
	   2 Input    5 Bit        Muxes := 2     
	   2 Input    4 Bit        Muxes := 6     
	   2 Input    1 Bit        Muxes := 47    
	  38 Input    1 Bit        Muxes := 1     
---------------------------------------------------------------------------------
Finished RTL Component Statistics 
---------------------------------------------------------------------------------
---------------------------------------------------------------------------------
Start Part Resource Summary
---------------------------------------------------------------------------------
Part Resources:
DSPs: 90 (col length:60)
BRAMs: 100 (col length: RAMB18 60 RAMB36 30)
---------------------------------------------------------------------------------
Finished Part Resource Summary
---------------------------------------------------------------------------------
---------------------------------------------------------------------------------
Start Cross Boundary and Area Optimization
---------------------------------------------------------------------------------
DSP Report: Generating DSP collision3, operation Mode is: A*B.
DSP Report: operator collision3 is absorbed into DSP collision3.
DSP Report: operator collision3 is absorbed into DSP collision3.
DSP Report: Generating DSP collision3, operation Mode is: A*B.
DSP Report: operator collision3 is absorbed into DSP collision3.
DSP Report: operator collision3 is absorbed into DSP collision3.
DSP Report: Generating DSP collision3, operation Mode is: A*B.
DSP Report: operator collision3 is absorbed into DSP collision3.
DSP Report: operator collision3 is absorbed into DSP collision3.
DSP Report: Generating DSP collision3, operation Mode is: (PCIN>>17)+A*B.
DSP Report: operator collision3 is absorbed into DSP collision3.
DSP Report: operator collision3 is absorbed into DSP collision3.
DSP Report: Generating DSP collision3, operation Mode is: A*B.
DSP Report: operator collision3 is absorbed into DSP collision3.
DSP Report: operator collision3 is absorbed into DSP collision3.
DSP Report: Generating DSP collision3, operation Mode is: (PCIN>>17)+A*B.
DSP Report: operator collision3 is absorbed into DSP collision3.
DSP Report: operator collision3 is absorbed into DSP collision3.
DSP Report: Generating DSP collision3, operation Mode is: A*B.
DSP Report: operator collision3 is absorbed into DSP collision3.
DSP Report: operator collision3 is absorbed into DSP collision3.
DSP Report: Generating DSP collision3, operation Mode is: A*B.
DSP Report: operator collision3 is absorbed into DSP collision3.
DSP Report: operator collision3 is absorbed into DSP collision3.
DSP Report: Generating DSP collision3, operation Mode is: (PCIN>>17)+A*B.
DSP Report: operator collision3 is absorbed into DSP collision3.
DSP Report: operator collision3 is absorbed into DSP collision3.
DSP Report: Generating DSP collision3, operation Mode is: A*B.
DSP Report: operator collision3 is absorbed into DSP collision3.
DSP Report: operator collision3 is absorbed into DSP collision3.
DSP Report: Generating DSP collision3, operation Mode is: A*B.
DSP Report: operator collision3 is absorbed into DSP collision3.
DSP Report: operator collision3 is absorbed into DSP collision3.
DSP Report: Generating DSP collision3, operation Mode is: (PCIN>>17)+A*B.
DSP Report: operator collision3 is absorbed into DSP collision3.
DSP Report: operator collision3 is absorbed into DSP collision3.
DSP Report: Generating DSP collision3, operation Mode is: A*B.
DSP Report: operator collision3 is absorbed into DSP collision3.
DSP Report: operator collision3 is absorbed into DSP collision3.
DSP Report: Generating DSP collision3, operation Mode is: A*B.
DSP Report: operator collision3 is absorbed into DSP collision3.
DSP Report: operator collision3 is absorbed into DSP collision3.
DSP Report: Generating DSP collision3, operation Mode is: (PCIN>>17)+A*B.
DSP Report: operator collision3 is absorbed into DSP collision3.
DSP Report: operator collision3 is absorbed into DSP collision3.
DSP Report: Generating DSP collision3, operation Mode is: A*B.
DSP Report: operator collision3 is absorbed into DSP collision3.
DSP Report: operator collision3 is absorbed into DSP collision3.
DSP Report: Generating DSP collision3, operation Mode is: A*B.
DSP Report: operator collision3 is absorbed into DSP collision3.
DSP Report: operator collision3 is absorbed into DSP collision3.
DSP Report: Generating DSP collision3, operation Mode is: (PCIN>>17)+A*B.
DSP Report: operator collision3 is absorbed into DSP collision3.
DSP Report: operator collision3 is absorbed into DSP collision3.
DSP Report: Generating DSP collision3, operation Mode is: A*B.
DSP Report: operator collision3 is absorbed into DSP collision3.
DSP Report: operator collision3 is absorbed into DSP collision3.
DSP Report: Generating DSP collision3, operation Mode is: A*B.
DSP Report: operator collision3 is absorbed into DSP collision3.
DSP Report: operator collision3 is absorbed into DSP collision3.
DSP Report: Generating DSP collision3, operation Mode is: (PCIN>>17)+A*B.
DSP Report: operator collision3 is absorbed into DSP collision3.
DSP Report: operator collision3 is absorbed into DSP collision3.
DSP Report: Generating DSP collision3, operation Mode is: A*B.
DSP Report: operator collision3 is absorbed into DSP collision3.
DSP Report: operator collision3 is absorbed into DSP collision3.
DSP Report: Generating DSP collision3, operation Mode is: A*B.
DSP Report: operator collision3 is absorbed into DSP collision3.
DSP Report: operator collision3 is absorbed into DSP collision3.
DSP Report: Generating DSP collision3, operation Mode is: (PCIN>>17)+A*B.
DSP Report: operator collision3 is absorbed into DSP collision3.
DSP Report: operator collision3 is absorbed into DSP collision3.
DSP Report: Generating DSP collision3, operation Mode is: A*B.
DSP Report: operator collision3 is absorbed into DSP collision3.
DSP Report: operator collision3 is absorbed into DSP collision3.
DSP Report: Generating DSP collision3, operation Mode is: A*B.
DSP Report: operator collision3 is absorbed into DSP collision3.
DSP Report: operator collision3 is absorbed into DSP collision3.
DSP Report: Generating DSP collision3, operation Mode is: (PCIN>>17)+A*B.
DSP Report: operator collision3 is absorbed into DSP collision3.
DSP Report: operator collision3 is absorbed into DSP collision3.
DSP Report: Generating DSP collision3, operation Mode is: A*B.
DSP Report: operator collision3 is absorbed into DSP collision3.
DSP Report: operator collision3 is absorbed into DSP collision3.
DSP Report: Generating DSP collision3, operation Mode is: A*B.
DSP Report: operator collision3 is absorbed into DSP collision3.
DSP Report: operator collision3 is absorbed into DSP collision3.
DSP Report: Generating DSP collision3, operation Mode is: A*B.
DSP Report: operator collision3 is absorbed into DSP collision3.
DSP Report: operator collision3 is absorbed into DSP collision3.
DSP Report: Generating DSP collision3, operation Mode is: (PCIN>>17)+A*B.
DSP Report: operator collision3 is absorbed into DSP collision3.
DSP Report: operator collision3 is absorbed into DSP collision3.
DSP Report: Generating DSP collision3, operation Mode is: A*B.
DSP Report: operator collision3 is absorbed into DSP collision3.
DSP Report: operator collision3 is absorbed into DSP collision3.
DSP Report: Generating DSP collision3, operation Mode is: (PCIN>>17)+A*B.
DSP Report: operator collision3 is absorbed into DSP collision3.
DSP Report: operator collision3 is absorbed into DSP collision3.
DSP Report: Generating DSP collision3, operation Mode is: A*B.
DSP Report: operator collision3 is absorbed into DSP collision3.
DSP Report: operator collision3 is absorbed into DSP collision3.
DSP Report: Generating DSP collision3, operation Mode is: A*B.
DSP Report: operator collision3 is absorbed into DSP collision3.
DSP Report: operator collision3 is absorbed into DSP collision3.
DSP Report: Generating DSP collision3, operation Mode is: (PCIN>>17)+A*B.
DSP Report: operator collision3 is absorbed into DSP collision3.
DSP Report: operator collision3 is absorbed into DSP collision3.
DSP Report: Generating DSP collision3, operation Mode is: A*B.
DSP Report: operator collision3 is absorbed into DSP collision3.
DSP Report: operator collision3 is absorbed into DSP collision3.
DSP Report: Generating DSP collision3, operation Mode is: A*B.
DSP Report: operator collision3 is absorbed into DSP collision3.
DSP Report: operator collision3 is absorbed into DSP collision3.
DSP Report: Generating DSP collision3, operation Mode is: (PCIN>>17)+A*B.
DSP Report: operator collision3 is absorbed into DSP collision3.
DSP Report: operator collision3 is absorbed into DSP collision3.
DSP Report: Generating DSP collision3, operation Mode is: A*B.
DSP Report: operator collision3 is absorbed into DSP collision3.
DSP Report: operator collision3 is absorbed into DSP collision3.
DSP Report: Generating DSP collision3, operation Mode is: A*B.
DSP Report: operator collision3 is absorbed into DSP collision3.
DSP Report: operator collision3 is absorbed into DSP collision3.
DSP Report: Generating DSP collision3, operation Mode is: (PCIN>>17)+A*B.
DSP Report: operator collision3 is absorbed into DSP collision3.
DSP Report: operator collision3 is absorbed into DSP collision3.
DSP Report: Generating DSP collision3, operation Mode is: A*B.
DSP Report: operator collision3 is absorbed into DSP collision3.
DSP Report: operator collision3 is absorbed into DSP collision3.
DSP Report: Generating DSP collision3, operation Mode is: A*B.
DSP Report: operator collision3 is absorbed into DSP collision3.
DSP Report: operator collision3 is absorbed into DSP collision3.
DSP Report: Generating DSP collision3, operation Mode is: (PCIN>>17)+A*B.
DSP Report: operator collision3 is absorbed into DSP collision3.
DSP Report: operator collision3 is absorbed into DSP collision3.
DSP Report: Generating DSP collision3, operation Mode is: A*B.
DSP Report: operator collision3 is absorbed into DSP collision3.
DSP Report: operator collision3 is absorbed into DSP collision3.
DSP Report: Generating DSP collision3, operation Mode is: A*B.
DSP Report: operator collision3 is absorbed into DSP collision3.
DSP Report: operator collision3 is absorbed into DSP collision3.
DSP Report: Generating DSP collision3, operation Mode is: (PCIN>>17)+A*B.
DSP Report: operator collision3 is absorbed into DSP collision3.
DSP Report: operator collision3 is absorbed into DSP collision3.
DSP Report: Generating DSP collision3, operation Mode is: A*B.
DSP Report: operator collision3 is absorbed into DSP collision3.
DSP Report: operator collision3 is absorbed into DSP collision3.
DSP Report: Generating DSP collision3, operation Mode is: A*B.
DSP Report: operator collision3 is absorbed into DSP collision3.
DSP Report: operator collision3 is absorbed into DSP collision3.
DSP Report: Generating DSP collision3, operation Mode is: (PCIN>>17)+A*B.
DSP Report: operator collision3 is absorbed into DSP collision3.
DSP Report: operator collision3 is absorbed into DSP collision3.
DSP Report: Generating DSP collision3, operation Mode is: A*B.
DSP Report: operator collision3 is absorbed into DSP collision3.
DSP Report: operator collision3 is absorbed into DSP collision3.
DSP Report: Generating DSP collision3, operation Mode is: A*B.
DSP Report: operator collision3 is absorbed into DSP collision3.
DSP Report: operator collision3 is absorbed into DSP collision3.
DSP Report: Generating DSP collision3, operation Mode is: (PCIN>>17)+A*B.
DSP Report: operator collision3 is absorbed into DSP collision3.
DSP Report: operator collision3 is absorbed into DSP collision3.
DSP Report: Generating DSP collision3, operation Mode is: A*B.
DSP Report: operator collision3 is absorbed into DSP collision3.
DSP Report: operator collision3 is absorbed into DSP collision3.
DSP Report: Generating DSP collision3, operation Mode is: A*B.
DSP Report: operator collision3 is absorbed into DSP collision3.
DSP Report: operator collision3 is absorbed into DSP collision3.
DSP Report: Generating DSP collision3, operation Mode is: (PCIN>>17)+A*B.
DSP Report: operator collision3 is absorbed into DSP collision3.
DSP Report: operator collision3 is absorbed into DSP collision3.
DSP Report: Generating DSP collision3, operation Mode is: A*B.
DSP Report: operator collision3 is absorbed into DSP collision3.
DSP Report: operator collision3 is absorbed into DSP collision3.
DSP Report: Generating DSP collision3, operation Mode is: A*B.
DSP Report: operator collision3 is absorbed into DSP collision3.
DSP Report: operator collision3 is absorbed into DSP collision3.
DSP Report: Generating DSP collision3, operation Mode is: (PCIN>>17)+A*B.
DSP Report: operator collision3 is absorbed into DSP collision3.
DSP Report: operator collision3 is absorbed into DSP collision3.
DSP Report: Generating DSP collision3, operation Mode is: A*B.
DSP Report: operator collision3 is absorbed into DSP collision3.
DSP Report: operator collision3 is absorbed into DSP collision3.
DSP Report: Generating DSP collision3, operation Mode is: A*B.
DSP Report: operator collision3 is absorbed into DSP collision3.
DSP Report: operator collision3 is absorbed into DSP collision3.
DSP Report: Generating DSP collision3, operation Mode is: (PCIN>>17)+A*B.
DSP Report: operator collision3 is absorbed into DSP collision3.
DSP Report: operator collision3 is absorbed into DSP collision3.
DSP Report: Generating DSP collision3, operation Mode is: A*B.
DSP Report: operator collision3 is absorbed into DSP collision3.
DSP Report: operator collision3 is absorbed into DSP collision3.
DSP Report: Generating DSP collision3, operation Mode is: A*B.
DSP Report: operator collision3 is absorbed into DSP collision3.
DSP Report: operator collision3 is absorbed into DSP collision3.
DSP Report: Generating DSP collision3, operation Mode is: (PCIN>>17)+A*B.
DSP Report: operator collision3 is absorbed into DSP collision3.
DSP Report: operator collision3 is absorbed into DSP collision3.
DSP Report: Generating DSP collision3, operation Mode is: A*B.
DSP Report: operator collision3 is absorbed into DSP collision3.
DSP Report: operator collision3 is absorbed into DSP collision3.
DSP Report: Generating DSP collision3, operation Mode is: A*B.
DSP Report: operator collision3 is absorbed into DSP collision3.
DSP Report: operator collision3 is absorbed into DSP collision3.
DSP Report: Generating DSP collision3, operation Mode is: (PCIN>>17)+A*B.
DSP Report: operator collision3 is absorbed into DSP collision3.
DSP Report: operator collision3 is absorbed into DSP collision3.
DSP Report: Generating DSP red41, operation Mode is: A*B.
DSP Report: operator red41 is absorbed into DSP red41.
DSP Report: operator red41 is absorbed into DSP red41.
DSP Report: Generating DSP red41, operation Mode is: A*B.
DSP Report: operator red41 is absorbed into DSP red41.
DSP Report: operator red41 is absorbed into DSP red41.
DSP Report: Generating DSP red41, operation Mode is: A*B.
DSP Report: operator red41 is absorbed into DSP red41.
DSP Report: operator red41 is absorbed into DSP red41.
DSP Report: Generating DSP red41, operation Mode is: (PCIN>>17)+A*B.
DSP Report: operator red41 is absorbed into DSP red41.
DSP Report: operator red41 is absorbed into DSP red41.
DSP Report: Generating DSP red41, operation Mode is: A*B.
DSP Report: operator red41 is absorbed into DSP red41.
DSP Report: operator red41 is absorbed into DSP red41.
DSP Report: Generating DSP red41, operation Mode is: (PCIN>>17)+A*B.
DSP Report: operator red41 is absorbed into DSP red41.
DSP Report: operator red41 is absorbed into DSP red41.
DSP Report: Generating DSP red40, operation Mode is: A*B.
DSP Report: operator red40 is absorbed into DSP red40.
DSP Report: operator red40 is absorbed into DSP red40.
DSP Report: Generating DSP red40, operation Mode is: A*B.
DSP Report: operator red40 is absorbed into DSP red40.
DSP Report: operator red40 is absorbed into DSP red40.
DSP Report: Generating DSP red40, operation Mode is: (PCIN>>17)+A*B.
DSP Report: operator red40 is absorbed into DSP red40.
DSP Report: operator red40 is absorbed into DSP red40.
DSP Report: Generating DSP red39, operation Mode is: A*B.
DSP Report: operator red39 is absorbed into DSP red39.
DSP Report: operator red39 is absorbed into DSP red39.
DSP Report: Generating DSP red39, operation Mode is: A*B.
DSP Report: operator red39 is absorbed into DSP red39.
DSP Report: operator red39 is absorbed into DSP red39.
DSP Report: Generating DSP red39, operation Mode is: (PCIN>>17)+A*B.
DSP Report: operator red39 is absorbed into DSP red39.
DSP Report: operator red39 is absorbed into DSP red39.
DSP Report: Generating DSP red38, operation Mode is: A*B.
DSP Report: operator red38 is absorbed into DSP red38.
DSP Report: operator red38 is absorbed into DSP red38.
DSP Report: Generating DSP red38, operation Mode is: A*B.
DSP Report: operator red38 is absorbed into DSP red38.
DSP Report: operator red38 is absorbed into DSP red38.
DSP Report: Generating DSP red38, operation Mode is: (PCIN>>17)+A*B.
DSP Report: operator red38 is absorbed into DSP red38.
DSP Report: operator red38 is absorbed into DSP red38.
DSP Report: Generating DSP red37, operation Mode is: A*B.
DSP Report: operator red37 is absorbed into DSP red37.
DSP Report: operator red37 is absorbed into DSP red37.
DSP Report: Generating DSP red37, operation Mode is: A*B.
DSP Report: operator red37 is absorbed into DSP red37.
DSP Report: operator red37 is absorbed into DSP red37.
DSP Report: Generating DSP red37, operation Mode is: (PCIN>>17)+A*B.
DSP Report: operator red37 is absorbed into DSP red37.
DSP Report: operator red37 is absorbed into DSP red37.
DSP Report: Generating DSP red36, operation Mode is: A*B.
DSP Report: operator red36 is absorbed into DSP red36.
DSP Report: operator red36 is absorbed into DSP red36.
DSP Report: Generating DSP red36, operation Mode is: A*B.
DSP Report: operator red36 is absorbed into DSP red36.
DSP Report: operator red36 is absorbed into DSP red36.
DSP Report: Generating DSP red36, operation Mode is: (PCIN>>17)+A*B.
DSP Report: operator red36 is absorbed into DSP red36.
DSP Report: operator red36 is absorbed into DSP red36.
DSP Report: Generating DSP red35, operation Mode is: A*B.
DSP Report: operator red35 is absorbed into DSP red35.
DSP Report: operator red35 is absorbed into DSP red35.
DSP Report: Generating DSP red35, operation Mode is: A*B.
DSP Report: operator red35 is absorbed into DSP red35.
DSP Report: operator red35 is absorbed into DSP red35.
DSP Report: Generating DSP red35, operation Mode is: (PCIN>>17)+A*B.
DSP Report: operator red35 is absorbed into DSP red35.
DSP Report: operator red35 is absorbed into DSP red35.
DSP Report: Generating DSP red34, operation Mode is: A*B.
DSP Report: operator red34 is absorbed into DSP red34.
DSP Report: operator red34 is absorbed into DSP red34.
DSP Report: Generating DSP red34, operation Mode is: A*B.
DSP Report: operator red34 is absorbed into DSP red34.
DSP Report: operator red34 is absorbed into DSP red34.
DSP Report: Generating DSP red34, operation Mode is: (PCIN>>17)+A*B.
DSP Report: operator red34 is absorbed into DSP red34.
DSP Report: operator red34 is absorbed into DSP red34.
DSP Report: Generating DSP red33, operation Mode is: A*B.
DSP Report: operator red33 is absorbed into DSP red33.
DSP Report: operator red33 is absorbed into DSP red33.
DSP Report: Generating DSP red33, operation Mode is: A*B.
DSP Report: operator red33 is absorbed into DSP red33.
DSP Report: operator red33 is absorbed into DSP red33.
DSP Report: Generating DSP red33, operation Mode is: (PCIN>>17)+A*B.
DSP Report: operator red33 is absorbed into DSP red33.
DSP Report: operator red33 is absorbed into DSP red33.
DSP Report: Generating DSP red32, operation Mode is: A*B.
DSP Report: operator red32 is absorbed into DSP red32.
DSP Report: operator red32 is absorbed into DSP red32.
DSP Report: Generating DSP red32, operation Mode is: A*B.
DSP Report: operator red32 is absorbed into DSP red32.
DSP Report: operator red32 is absorbed into DSP red32.
DSP Report: Generating DSP red32, operation Mode is: (PCIN>>17)+A*B.
DSP Report: operator red32 is absorbed into DSP red32.
DSP Report: operator red32 is absorbed into DSP red32.
DSP Report: Generating DSP red31, operation Mode is: A*B.
DSP Report: operator red31 is absorbed into DSP red31.
DSP Report: operator red31 is absorbed into DSP red31.
DSP Report: Generating DSP red31, operation Mode is: A*B.
DSP Report: operator red31 is absorbed into DSP red31.
DSP Report: operator red31 is absorbed into DSP red31.
DSP Report: Generating DSP red31, operation Mode is: (PCIN>>17)+A*B.
DSP Report: operator red31 is absorbed into DSP red31.
DSP Report: operator red31 is absorbed into DSP red31.
DSP Report: Generating DSP red30, operation Mode is: A*B.
DSP Report: operator red30 is absorbed into DSP red30.
DSP Report: operator red30 is absorbed into DSP red30.
DSP Report: Generating DSP red30, operation Mode is: A*B.
DSP Report: operator red30 is absorbed into DSP red30.
DSP Report: operator red30 is absorbed into DSP red30.
DSP Report: Generating DSP red30, operation Mode is: A*B.
DSP Report: operator red30 is absorbed into DSP red30.
DSP Report: operator red30 is absorbed into DSP red30.
DSP Report: Generating DSP red30, operation Mode is: (PCIN>>17)+A*B.
DSP Report: operator red30 is absorbed into DSP red30.
DSP Report: operator red30 is absorbed into DSP red30.
DSP Report: Generating DSP red30, operation Mode is: A*B.
DSP Report: operator red30 is absorbed into DSP red30.
DSP Report: operator red30 is absorbed into DSP red30.
DSP Report: Generating DSP red30, operation Mode is: (PCIN>>17)+A*B.
DSP Report: operator red30 is absorbed into DSP red30.
DSP Report: operator red30 is absorbed into DSP red30.
DSP Report: Generating DSP red29, operation Mode is: A*B.
DSP Report: operator red29 is absorbed into DSP red29.
DSP Report: operator red29 is absorbed into DSP red29.
DSP Report: Generating DSP red29, operation Mode is: A*B.
DSP Report: operator red29 is absorbed into DSP red29.
DSP Report: operator red29 is absorbed into DSP red29.
DSP Report: Generating DSP red29, operation Mode is: (PCIN>>17)+A*B.
DSP Report: operator red29 is absorbed into DSP red29.
DSP Report: operator red29 is absorbed into DSP red29.
DSP Report: Generating DSP red28, operation Mode is: A*B.
DSP Report: operator red28 is absorbed into DSP red28.
DSP Report: operator red28 is absorbed into DSP red28.
DSP Report: Generating DSP red28, operation Mode is: A*B.
DSP Report: operator red28 is absorbed into DSP red28.
DSP Report: operator red28 is absorbed into DSP red28.
DSP Report: Generating DSP red28, operation Mode is: (PCIN>>17)+A*B.
DSP Report: operator red28 is absorbed into DSP red28.
DSP Report: operator red28 is absorbed into DSP red28.
DSP Report: Generating DSP red27, operation Mode is: A*B.
DSP Report: operator red27 is absorbed into DSP red27.
DSP Report: operator red27 is absorbed into DSP red27.
DSP Report: Generating DSP red27, operation Mode is: A*B.
DSP Report: operator red27 is absorbed into DSP red27.
DSP Report: operator red27 is absorbed into DSP red27.
DSP Report: Generating DSP red27, operation Mode is: (PCIN>>17)+A*B.
DSP Report: operator red27 is absorbed into DSP red27.
DSP Report: operator red27 is absorbed into DSP red27.
DSP Report: Generating DSP red26, operation Mode is: A*B.
DSP Report: operator red26 is absorbed into DSP red26.
DSP Report: operator red26 is absorbed into DSP red26.
DSP Report: Generating DSP red26, operation Mode is: A*B.
DSP Report: operator red26 is absorbed into DSP red26.
DSP Report: operator red26 is absorbed into DSP red26.
DSP Report: Generating DSP red26, operation Mode is: (PCIN>>17)+A*B.
DSP Report: operator red26 is absorbed into DSP red26.
DSP Report: operator red26 is absorbed into DSP red26.
DSP Report: Generating DSP red25, operation Mode is: A*B.
DSP Report: operator red25 is absorbed into DSP red25.
DSP Report: operator red25 is absorbed into DSP red25.
DSP Report: Generating DSP red25, operation Mode is: A*B.
DSP Report: operator red25 is absorbed into DSP red25.
DSP Report: operator red25 is absorbed into DSP red25.
DSP Report: Generating DSP red25, operation Mode is: (PCIN>>17)+A*B.
DSP Report: operator red25 is absorbed into DSP red25.
DSP Report: operator red25 is absorbed into DSP red25.
DSP Report: Generating DSP red24, operation Mode is: A*B.
DSP Report: operator red24 is absorbed into DSP red24.
DSP Report: operator red24 is absorbed into DSP red24.
DSP Report: Generating DSP red24, operation Mode is: A*B.
DSP Report: operator red24 is absorbed into DSP red24.
DSP Report: operator red24 is absorbed into DSP red24.
DSP Report: Generating DSP red24, operation Mode is: (PCIN>>17)+A*B.
DSP Report: operator red24 is absorbed into DSP red24.
DSP Report: operator red24 is absorbed into DSP red24.
DSP Report: Generating DSP red23, operation Mode is: A*B.
DSP Report: operator red23 is absorbed into DSP red23.
DSP Report: operator red23 is absorbed into DSP red23.
DSP Report: Generating DSP red23, operation Mode is: A*B.
DSP Report: operator red23 is absorbed into DSP red23.
DSP Report: operator red23 is absorbed into DSP red23.
DSP Report: Generating DSP red23, operation Mode is: (PCIN>>17)+A*B.
DSP Report: operator red23 is absorbed into DSP red23.
DSP Report: operator red23 is absorbed into DSP red23.
DSP Report: Generating DSP red41, operation Mode is: A*B.
DSP Report: operator red41 is absorbed into DSP red41.
DSP Report: operator red41 is absorbed into DSP red41.
DSP Report: Generating DSP red16, operation Mode is: A*B.
DSP Report: operator red16 is absorbed into DSP red16.
DSP Report: operator red16 is absorbed into DSP red16.
DSP Report: Generating DSP red16, operation Mode is: A*B.
DSP Report: operator red16 is absorbed into DSP red16.
DSP Report: operator red16 is absorbed into DSP red16.
DSP Report: Generating DSP red16, operation Mode is: (PCIN>>17)+A*B.
DSP Report: operator red16 is absorbed into DSP red16.
DSP Report: operator red16 is absorbed into DSP red16.
DSP Report: Generating DSP red41, operation Mode is: A*B.
DSP Report: operator red41 is absorbed into DSP red41.
DSP Report: operator red41 is absorbed into DSP red41.
DSP Report: Generating DSP red41, operation Mode is: (PCIN>>17)+A*B.
DSP Report: operator red41 is absorbed into DSP red41.
DSP Report: operator red41 is absorbed into DSP red41.
DSP Report: Generating DSP green4, operation Mode is: A*B.
DSP Report: operator green4 is absorbed into DSP green4.
DSP Report: operator green4 is absorbed into DSP green4.
DSP Report: Generating DSP green4, operation Mode is: (PCIN>>17)+A*B.
DSP Report: operator green4 is absorbed into DSP green4.
DSP Report: operator green4 is absorbed into DSP green4.
DSP Report: Generating DSP green4, operation Mode is: A*B.
DSP Report: operator green4 is absorbed into DSP green4.
DSP Report: operator green4 is absorbed into DSP green4.
DSP Report: Generating DSP green4, operation Mode is: (PCIN>>17)+A*B.
DSP Report: operator green4 is absorbed into DSP green4.
DSP Report: operator green4 is absorbed into DSP green4.
DSP Report: Generating DSP green4, operation Mode is: A*B.
DSP Report: operator green4 is absorbed into DSP green4.
DSP Report: operator green4 is absorbed into DSP green4.
DSP Report: Generating DSP green4, operation Mode is: (PCIN>>17)+A*B.
DSP Report: operator green4 is absorbed into DSP green4.
DSP Report: operator green4 is absorbed into DSP green4.
DSP Report: Generating DSP green4, operation Mode is: A*B.
DSP Report: operator green4 is absorbed into DSP green4.
DSP Report: operator green4 is absorbed into DSP green4.
DSP Report: Generating DSP green4, operation Mode is: (PCIN>>17)+A*B.
DSP Report: operator green4 is absorbed into DSP green4.
DSP Report: operator green4 is absorbed into DSP green4.
DSP Report: Generating DSP green4, operation Mode is: A*B.
DSP Report: operator green4 is absorbed into DSP green4.
DSP Report: operator green4 is absorbed into DSP green4.
DSP Report: Generating DSP green4, operation Mode is: (PCIN>>17)+A*B.
DSP Report: operator green4 is absorbed into DSP green4.
DSP Report: operator green4 is absorbed into DSP green4.
DSP Report: Generating DSP green4, operation Mode is: A*B.
DSP Report: operator green4 is absorbed into DSP green4.
DSP Report: operator green4 is absorbed into DSP green4.
DSP Report: Generating DSP green4, operation Mode is: (PCIN>>17)+A*B.
DSP Report: operator green4 is absorbed into DSP green4.
DSP Report: operator green4 is absorbed into DSP green4.
DSP Report: Generating DSP green4, operation Mode is: A*B.
DSP Report: operator green4 is absorbed into DSP green4.
DSP Report: operator green4 is absorbed into DSP green4.
DSP Report: Generating DSP green4, operation Mode is: (PCIN>>17)+A*B.
DSP Report: operator green4 is absorbed into DSP green4.
DSP Report: operator green4 is absorbed into DSP green4.
DSP Report: Generating DSP green4, operation Mode is: A*B.
DSP Report: operator green4 is absorbed into DSP green4.
DSP Report: operator green4 is absorbed into DSP green4.
DSP Report: Generating DSP green4, operation Mode is: (PCIN>>17)+A*B.
DSP Report: operator green4 is absorbed into DSP green4.
DSP Report: operator green4 is absorbed into DSP green4.
DSP Report: Generating DSP green3, operation Mode is: A*B.
DSP Report: operator green3 is absorbed into DSP green3.
DSP Report: operator green3 is absorbed into DSP green3.
DSP Report: Generating DSP green3, operation Mode is: (PCIN>>17)+A*B.
DSP Report: operator green3 is absorbed into DSP green3.
DSP Report: operator green3 is absorbed into DSP green3.
DSP Report: Generating DSP green3, operation Mode is: A*B.
DSP Report: operator green3 is absorbed into DSP green3.
DSP Report: operator green3 is absorbed into DSP green3.
DSP Report: Generating DSP green3, operation Mode is: (PCIN>>17)+A*B.
DSP Report: operator green3 is absorbed into DSP green3.
DSP Report: operator green3 is absorbed into DSP green3.
DSP Report: Generating DSP green3, operation Mode is: A*B.
DSP Report: operator green3 is absorbed into DSP green3.
DSP Report: operator green3 is absorbed into DSP green3.
DSP Report: Generating DSP green3, operation Mode is: (PCIN>>17)+A*B.
DSP Report: operator green3 is absorbed into DSP green3.
DSP Report: operator green3 is absorbed into DSP green3.
DSP Report: Generating DSP green3, operation Mode is: A*B.
DSP Report: operator green3 is absorbed into DSP green3.
DSP Report: operator green3 is absorbed into DSP green3.
DSP Report: Generating DSP green3, operation Mode is: (PCIN>>17)+A*B.
DSP Report: operator green3 is absorbed into DSP green3.
DSP Report: operator green3 is absorbed into DSP green3.
DSP Report: Generating DSP col/collided3, operation Mode is: A*B.
DSP Report: operator col/collided3 is absorbed into DSP col/collided3.
DSP Report: operator col/collided3 is absorbed into DSP col/collided3.
DSP Report: Generating DSP col/collided3, operation Mode is: (PCIN>>17)+A*B.
DSP Report: operator col/collided3 is absorbed into DSP col/collided3.
DSP Report: operator col/collided3 is absorbed into DSP col/collided3.
DSP Report: Generating DSP col/collided3, operation Mode is: A*B.
DSP Report: operator col/collided3 is absorbed into DSP col/collided3.
DSP Report: operator col/collided3 is absorbed into DSP col/collided3.
DSP Report: Generating DSP col/collided3, operation Mode is: (PCIN>>17)+A*B.
DSP Report: operator col/collided3 is absorbed into DSP col/collided3.
DSP Report: operator col/collided3 is absorbed into DSP col/collided3.
DSP Report: Generating DSP col/collided3, operation Mode is: A*B.
DSP Report: operator col/collided3 is absorbed into DSP col/collided3.
DSP Report: operator col/collided3 is absorbed into DSP col/collided3.
DSP Report: Generating DSP col/collided3, operation Mode is: (PCIN>>17)+A*B.
DSP Report: operator col/collided3 is absorbed into DSP col/collided3.
DSP Report: operator col/collided3 is absorbed into DSP col/collided3.
DSP Report: Generating DSP col/collided3, operation Mode is: A*B.
DSP Report: operator col/collided3 is absorbed into DSP col/collided3.
DSP Report: operator col/collided3 is absorbed into DSP col/collided3.
DSP Report: Generating DSP col/collided3, operation Mode is: (PCIN>>17)+A*B.
DSP Report: operator col/collided3 is absorbed into DSP col/collided3.
DSP Report: operator col/collided3 is absorbed into DSP col/collided3.
DSP Report: Generating DSP col/collided3, operation Mode is: A*B.
DSP Report: operator col/collided3 is absorbed into DSP col/collided3.
DSP Report: operator col/collided3 is absorbed into DSP col/collided3.
DSP Report: Generating DSP col/collided3, operation Mode is: (PCIN>>17)+A*B.
DSP Report: operator col/collided3 is absorbed into DSP col/collided3.
DSP Report: operator col/collided3 is absorbed into DSP col/collided3.
DSP Report: Generating DSP col/collided3, operation Mode is: A*B.
DSP Report: operator col/collided3 is absorbed into DSP col/collided3.
DSP Report: operator col/collided3 is absorbed into DSP col/collided3.
DSP Report: Generating DSP col/collided3, operation Mode is: (PCIN>>17)+A*B.
DSP Report: operator col/collided3 is absorbed into DSP col/collided3.
DSP Report: operator col/collided3 is absorbed into DSP col/collided3.
DSP Report: Generating DSP col/collided3, operation Mode is: A*B.
DSP Report: operator col/collided3 is absorbed into DSP col/collided3.
DSP Report: operator col/collided3 is absorbed into DSP col/collided3.
DSP Report: Generating DSP col/collided3, operation Mode is: (PCIN>>17)+A*B.
DSP Report: operator col/collided3 is absorbed into DSP col/collided3.
DSP Report: operator col/collided3 is absorbed into DSP col/collided3.
DSP Report: Generating DSP col/collided3, operation Mode is: A*B.
DSP Report: operator col/collided3 is absorbed into DSP col/collided3.
DSP Report: operator col/collided3 is absorbed into DSP col/collided3.
DSP Report: Generating DSP col/collided3, operation Mode is: (PCIN>>17)+A*B.
DSP Report: operator col/collided3 is absorbed into DSP col/collided3.
DSP Report: operator col/collided3 is absorbed into DSP col/collided3.
---------------------------------------------------------------------------------
Finished Cross Boundary and Area Optimization : Time (s): cpu = 00:00:58 ; elapsed = 00:00:59 . Memory (MB): peak = 1013.406 ; gain = 0.000
---------------------------------------------------------------------------------
DSP Report: Generating DSP collision3, operation Mode is (post resource management): A*B.
DSP Report: operator collision3 is absorbed into DSP collision3.
DSP Report: operator collision3 is absorbed into DSP collision3.
DSP Report: Generating DSP collision3, operation Mode is (post resource management): (PCIN>>17)+A*B.
DSP Report: operator collision3 is absorbed into DSP collision3.
DSP Report: operator collision3 is absorbed into DSP collision3.
DSP Report: Generating DSP collision3, operation Mode is (post resource management): A*B.
DSP Report: operator collision3 is absorbed into DSP collision3.
DSP Report: operator collision3 is absorbed into DSP collision3.
DSP Report: Generating DSP collision3, operation Mode is (post resource management): (PCIN>>17)+A*B.
DSP Report: operator collision3 is absorbed into DSP collision3.
DSP Report: operator collision3 is absorbed into DSP collision3.
DSP Report: Generating DSP collision3, operation Mode is (post resource management): A*B.
DSP Report: operator collision3 is absorbed into DSP collision3.
DSP Report: operator collision3 is absorbed into DSP collision3.
DSP Report: Generating DSP collision3, operation Mode is (post resource management): (PCIN>>17)+A*B.
DSP Report: operator collision3 is absorbed into DSP collision3.
DSP Report: operator collision3 is absorbed into DSP collision3.
DSP Report: Generating DSP collision3, operation Mode is (post resource management): A*B.
DSP Report: operator collision3 is absorbed into DSP collision3.
DSP Report: operator collision3 is absorbed into DSP collision3.
DSP Report: Generating DSP collision3, operation Mode is (post resource management): (PCIN>>17)+A*B.
DSP Report: operator collision3 is absorbed into DSP collision3.
DSP Report: operator collision3 is absorbed into DSP collision3.
DSP Report: Generating DSP collision3, operation Mode is (post resource management): A*B.
DSP Report: operator collision3 is absorbed into DSP collision3.
DSP Report: operator collision3 is absorbed into DSP collision3.
DSP Report: Generating DSP collision3, operation Mode is (post resource management): (PCIN>>17)+A*B.
DSP Report: operator collision3 is absorbed into DSP collision3.
DSP Report: operator collision3 is absorbed into DSP collision3.
DSP Report: Generating DSP collision3, operation Mode is (post resource management): A*B.
DSP Report: operator collision3 is absorbed into DSP collision3.
DSP Report: operator collision3 is absorbed into DSP collision3.
DSP Report: Generating DSP collision3, operation Mode is (post resource management): (PCIN>>17)+A*B.
DSP Report: operator collision3 is absorbed into DSP collision3.
DSP Report: operator collision3 is absorbed into DSP collision3.
DSP Report: Generating DSP collision3, operation Mode is (post resource management): A*B.
DSP Report: operator collision3 is absorbed into DSP collision3.
DSP Report: operator collision3 is absorbed into DSP collision3.
DSP Report: Generating DSP collision3, operation Mode is (post resource management): (PCIN>>17)+A*B.
DSP Report: operator collision3 is absorbed into DSP collision3.
DSP Report: operator collision3 is absorbed into DSP collision3.
DSP Report: Generating DSP collision3, operation Mode is (post resource management): A*B.
DSP Report: operator collision3 is absorbed into DSP collision3.
DSP Report: operator collision3 is absorbed into DSP collision3.
DSP Report: Generating DSP collision3, operation Mode is (post resource management): (PCIN>>17)+A*B.
DSP Report: operator collision3 is absorbed into DSP collision3.
DSP Report: operator collision3 is absorbed into DSP collision3.
DSP Report: Generating DSP collision3, operation Mode is (post resource management): A*B.
DSP Report: operator collision3 is absorbed into DSP collision3.
DSP Report: operator collision3 is absorbed into DSP collision3.
DSP Report: Generating DSP collision3, operation Mode is (post resource management): (PCIN>>17)+A*B.
DSP Report: operator collision3 is absorbed into DSP collision3.
DSP Report: operator collision3 is absorbed into DSP collision3.
DSP Report: Generating DSP collision3, operation Mode is (post resource management): A*B.
DSP Report: operator collision3 is absorbed into DSP collision3.
DSP Report: operator collision3 is absorbed into DSP collision3.
DSP Report: Generating DSP collision3, operation Mode is (post resource management): (PCIN>>17)+A*B.
DSP Report: operator collision3 is absorbed into DSP collision3.
DSP Report: operator collision3 is absorbed into DSP collision3.
DSP Report: Generating DSP collision3, operation Mode is (post resource management): A*B.
DSP Report: operator collision3 is absorbed into DSP collision3.
DSP Report: operator collision3 is absorbed into DSP collision3.
DSP Report: Generating DSP collision3, operation Mode is (post resource management): (PCIN>>17)+A*B.
DSP Report: operator collision3 is absorbed into DSP collision3.
DSP Report: operator collision3 is absorbed into DSP collision3.
DSP Report: Generating DSP collision3, operation Mode is (post resource management): A*B.
DSP Report: operator collision3 is absorbed into DSP collision3.
DSP Report: operator collision3 is absorbed into DSP collision3.
DSP Report: Generating DSP collision3, operation Mode is (post resource management): (PCIN>>17)+A*B.
DSP Report: operator collision3 is absorbed into DSP collision3.
DSP Report: operator collision3 is absorbed into DSP collision3.
DSP Report: Generating DSP collision3, operation Mode is (post resource management): A*B.
DSP Report: operator collision3 is absorbed into DSP collision3.
DSP Report: operator collision3 is absorbed into DSP collision3.
DSP Report: Generating DSP collision3, operation Mode is (post resource management): (PCIN>>17)+A*B.
DSP Report: operator collision3 is absorbed into DSP collision3.
DSP Report: operator collision3 is absorbed into DSP collision3.
DSP Report: Generating DSP collision3, operation Mode is (post resource management): A*B.
DSP Report: operator collision3 is absorbed into DSP collision3.
DSP Report: operator collision3 is absorbed into DSP collision3.
DSP Report: Generating DSP collision3, operation Mode is (post resource management): (PCIN>>17)+A*B.
DSP Report: operator collision3 is absorbed into DSP collision3.
DSP Report: operator collision3 is absorbed into DSP collision3.
DSP Report: Generating DSP collision3, operation Mode is (post resource management): A*B.
DSP Report: operator collision3 is absorbed into DSP collision3.
DSP Report: operator collision3 is absorbed into DSP collision3.
DSP Report: Generating DSP collision3, operation Mode is (post resource management): (PCIN>>17)+A*B.
DSP Report: operator collision3 is absorbed into DSP collision3.
DSP Report: operator collision3 is absorbed into DSP collision3.
DSP Report: Generating DSP collision3, operation Mode is (post resource management): A*B.
DSP Report: operator collision3 is absorbed into DSP collision3.
DSP Report: operator collision3 is absorbed into DSP collision3.
DSP Report: Generating DSP collision3, operation Mode is (post resource management): (PCIN>>17)+A*B.
DSP Report: operator collision3 is absorbed into DSP collision3.
DSP Report: operator collision3 is absorbed into DSP collision3.
DSP Report: Generating DSP collision3, operation Mode is (post resource management): A*B.
DSP Report: operator collision3 is absorbed into DSP collision3.
DSP Report: operator collision3 is absorbed into DSP collision3.
DSP Report: Generating DSP collision3, operation Mode is (post resource management): (PCIN>>17)+A*B.
DSP Report: operator collision3 is absorbed into DSP collision3.
DSP Report: operator collision3 is absorbed into DSP collision3.
DSP Report: Generating DSP collision3, operation Mode is (post resource management): A*B.
DSP Report: operator collision3 is absorbed into DSP collision3.
DSP Report: operator collision3 is absorbed into DSP collision3.
DSP Report: Generating DSP collision3, operation Mode is (post resource management): (PCIN>>17)+A*B.
DSP Report: operator collision3 is absorbed into DSP collision3.
DSP Report: operator collision3 is absorbed into DSP collision3.
DSP Report: Generating DSP collision3, operation Mode is (post resource management): A*B.
DSP Report: operator collision3 is absorbed into DSP collision3.
DSP Report: operator collision3 is absorbed into DSP collision3.
DSP Report: Generating DSP collision3, operation Mode is (post resource management): (PCIN>>17)+A*B.
DSP Report: operator collision3 is absorbed into DSP collision3.
DSP Report: operator collision3 is absorbed into DSP collision3.
DSP Report: Generating DSP collision3, operation Mode is (post resource management): A*B.
DSP Report: operator collision3 is absorbed into DSP collision3.
DSP Report: operator collision3 is absorbed into DSP collision3.
DSP Report: Generating DSP collision3, operation Mode is (post resource management): (PCIN>>17)+A*B.
DSP Report: operator collision3 is absorbed into DSP collision3.
DSP Report: operator collision3 is absorbed into DSP collision3.
DSP Report: Generating DSP collision3, operation Mode is (post resource management): A*B.
DSP Report: operator collision3 is absorbed into DSP collision3.
DSP Report: operator collision3 is absorbed into DSP collision3.
DSP Report: Generating DSP collision3, operation Mode is (post resource management): (PCIN>>17)+A*B.
DSP Report: operator collision3 is absorbed into DSP collision3.
DSP Report: operator collision3 is absorbed into DSP collision3.
DSP Report: Generating DSP collision3, operation Mode is (post resource management): A*B.
DSP Report: operator collision3 is absorbed into DSP collision3.
DSP Report: operator collision3 is absorbed into DSP collision3.
DSP Report: Generating DSP collision3, operation Mode is (post resource management): (PCIN>>17)+A*B.
DSP Report: operator collision3 is absorbed into DSP collision3.
DSP Report: operator collision3 is absorbed into DSP collision3.
DSP Report: Generating DSP collision3, operation Mode is (post resource management): A*B.
DSP Report: operator collision3 is absorbed into DSP collision3.
DSP Report: operator collision3 is absorbed into DSP collision3.
DSP Report: Generating DSP collision3, operation Mode is (post resource management): (PCIN>>17)+A*B.
DSP Report: operator collision3 is absorbed into DSP collision3.
DSP Report: operator collision3 is absorbed into DSP collision3.
DSP Report: Generating DSP red23, operation Mode is (post resource management): A*B.
DSP Report: operator red23 is absorbed into DSP red23.
DSP Report: operator red23 is absorbed into DSP red23.
DSP Report: Generating DSP red23, operation Mode is (post resource management): (PCIN>>17)+A*B.
DSP Report: operator red23 is absorbed into DSP red23.
DSP Report: operator red23 is absorbed into DSP red23.
DSP Report: Generating DSP red16, operation Mode is (post resource management): A*B.
DSP Report: operator red16 is absorbed into DSP red16.
DSP Report: operator red16 is absorbed into DSP red16.
DSP Report: Generating DSP red16, operation Mode is (post resource management): (PCIN>>17)+A*B.
DSP Report: operator red16 is absorbed into DSP red16.
DSP Report: operator red16 is absorbed into DSP red16.
DSP Report: Generating DSP green4, operation Mode is (post resource management): A*B.
DSP Report: operator green4 is absorbed into DSP green4.
DSP Report: operator green4 is absorbed into DSP green4.
DSP Report: Generating DSP green4, operation Mode is (post resource management): A*B.
DSP Report: operator green4 is absorbed into DSP green4.
DSP Report: operator green4 is absorbed into DSP green4.
DSP Report: Generating DSP green4, operation Mode is (post resource management): (PCIN>>17)+A*B.
DSP Report: operator green4 is absorbed into DSP green4.
DSP Report: operator green4 is absorbed into DSP green4.
DSP Report: Generating DSP green4, operation Mode is (post resource management): A*B.
DSP Report: operator green4 is absorbed into DSP green4.
DSP Report: operator green4 is absorbed into DSP green4.
DSP Report: Generating DSP green4, operation Mode is (post resource management): A*B.
DSP Report: operator green4 is absorbed into DSP green4.
DSP Report: operator green4 is absorbed into DSP green4.
DSP Report: Generating DSP green4, operation Mode is (post resource management): (PCIN>>17)+A*B.
DSP Report: operator green4 is absorbed into DSP green4.
DSP Report: operator green4 is absorbed into DSP green4.
DSP Report: Generating DSP green4, operation Mode is (post resource management): A*B.
DSP Report: operator green4 is absorbed into DSP green4.
DSP Report: operator green4 is absorbed into DSP green4.
DSP Report: Generating DSP green4, operation Mode is (post resource management): A*B.
DSP Report: operator green4 is absorbed into DSP green4.
DSP Report: operator green4 is absorbed into DSP green4.
DSP Report: Generating DSP green4, operation Mode is (post resource management): (PCIN>>17)+A*B.
DSP Report: operator green4 is absorbed into DSP green4.
DSP Report: operator green4 is absorbed into DSP green4.
DSP Report: Generating DSP green4, operation Mode is (post resource management): A*B.
DSP Report: operator green4 is absorbed into DSP green4.
DSP Report: operator green4 is absorbed into DSP green4.
DSP Report: Generating DSP green4, operation Mode is (post resource management): A*B.
DSP Report: operator green4 is absorbed into DSP green4.
DSP Report: operator green4 is absorbed into DSP green4.
DSP Report: Generating DSP green4, operation Mode is (post resource management): (PCIN>>17)+A*B.
DSP Report: operator green4 is absorbed into DSP green4.
DSP Report: operator green4 is absorbed into DSP green4.
DSP Report: Generating DSP green3, operation Mode is (post resource management): A*B.
DSP Report: operator green3 is absorbed into DSP green3.
DSP Report: operator green3 is absorbed into DSP green3.
DSP Report: Generating DSP green3, operation Mode is (post resource management): A*B.
DSP Report: operator green3 is absorbed into DSP green3.
DSP Report: operator green3 is absorbed into DSP green3.
DSP Report: Generating DSP green3, operation Mode is (post resource management): (PCIN>>17)+A*B.
DSP Report: operator green3 is absorbed into DSP green3.
DSP Report: operator green3 is absorbed into DSP green3.
DSP Report: Generating DSP green3, operation Mode is (post resource management): A*B.
DSP Report: operator green3 is absorbed into DSP green3.
DSP Report: operator green3 is absorbed into DSP green3.
DSP Report: Generating DSP green3, operation Mode is (post resource management): A*B.
DSP Report: operator green3 is absorbed into DSP green3.
DSP Report: operator green3 is absorbed into DSP green3.
DSP Report: Generating DSP green3, operation Mode is (post resource management): (PCIN>>17)+A*B.
DSP Report: operator green3 is absorbed into DSP green3.
DSP Report: operator green3 is absorbed into DSP green3.
DSP Report: Generating DSP col/collided3, operation Mode is (post resource management): A*B.
DSP Report: operator col/collided3 is absorbed into DSP col/collided3.
DSP Report: operator col/collided3 is absorbed into DSP col/collided3.
DSP Report: Generating DSP col/collided3, operation Mode is (post resource management): A*B.
DSP Report: operator col/collided3 is absorbed into DSP col/collided3.
DSP Report: operator col/collided3 is absorbed into DSP col/collided3.
DSP Report: Generating DSP col/collided3, operation Mode is (post resource management): (PCIN>>17)+A*B.
DSP Report: operator col/collided3 is absorbed into DSP col/collided3.
DSP Report: operator col/collided3 is absorbed into DSP col/collided3.
DSP Report: Generating DSP col/collided3, operation Mode is (post resource management): A*B.
DSP Report: operator col/collided3 is absorbed into DSP col/collided3.
DSP Report: operator col/collided3 is absorbed into DSP col/collided3.
DSP Report: Generating DSP col/collided3, operation Mode is (post resource management): A*B.
DSP Report: operator col/collided3 is absorbed into DSP col/collided3.
DSP Report: operator col/collided3 is absorbed into DSP col/collided3.
DSP Report: Generating DSP col/collided3, operation Mode is (post resource management): (PCIN>>17)+A*B.
DSP Report: operator col/collided3 is absorbed into DSP col/collided3.
DSP Report: operator col/collided3 is absorbed into DSP col/collided3.
DSP Report: Generating DSP col/collided3, operation Mode is (post resource management): A*B.
DSP Report: operator col/collided3 is absorbed into DSP col/collided3.
DSP Report: operator col/collided3 is absorbed into DSP col/collided3.
DSP Report: Generating DSP col/collided3, operation Mode is (post resource management): A*B.
DSP Report: operator col/collided3 is absorbed into DSP col/collided3.
DSP Report: operator col/collided3 is absorbed into DSP col/collided3.
DSP Report: Generating DSP col/collided3, operation Mode is (post resource management): (PCIN>>17)+A*B.
DSP Report: operator col/collided3 is absorbed into DSP col/collided3.
DSP Report: operator col/collided3 is absorbed into DSP col/collided3.
DSP Report: Generating DSP col/collided3, operation Mode is (post resource management): A*B.
DSP Report: operator col/collided3 is absorbed into DSP col/collided3.
DSP Report: operator col/collided3 is absorbed into DSP col/collided3.
DSP Report: Generating DSP col/collided3, operation Mode is (post resource management): A*B.
DSP Report: operator col/collided3 is absorbed into DSP col/collided3.
DSP Report: operator col/collided3 is absorbed into DSP col/collided3.
DSP Report: Generating DSP col/collided3, operation Mode is (post resource management): (PCIN>>17)+A*B.
DSP Report: operator col/collided3 is absorbed into DSP col/collided3.
DSP Report: operator col/collided3 is absorbed into DSP col/collided3.
---------------------------------------------------------------------------------
Start ROM, RAM, DSP and Shift Register Reporting
---------------------------------------------------------------------------------

DSP: Preliminary Mapping	Report (see note below)
+----------------+----------------+--------+--------+--------+--------+--------+------+------+------+------+-------+------+------+
|Module Name     | DSP Mapping    | A Size | B Size | C Size | D Size | P Size | AREG | BREG | CREG | DREG | ADREG | MREG | PREG | 
+----------------+----------------+--------+--------+--------+--------+--------+------+------+------+------+-------+------+------+
|Pacman_Movement | A*B            | 15     | 15     | -      | -      | 15     | 0    | 0    | -    | -    | -     | 0    | 0    | 
|Pacman_Movement | A*B            | 15     | 15     | -      | -      | 15     | 0    | 0    | -    | -    | -     | 0    | 0    | 
|Pacman_Movement | A*B            | 18     | 18     | -      | -      | 48     | 0    | 0    | -    | -    | -     | 0    | 0    | 
|Pacman_Movement | (PCIN>>17)+A*B | 15     | 15     | -      | -      | 15     | 0    | 0    | -    | -    | -     | 0    | 0    | 
|Pacman_Movement | A*B            | 18     | 18     | -      | -      | 48     | 0    | 0    | -    | -    | -     | 0    | 0    | 
|Pacman_Movement | (PCIN>>17)+A*B | 15     | 15     | -      | -      | 15     | 0    | 0    | -    | -    | -     | 0    | 0    | 
|Pacman_Movement | A*B            | 15     | 15     | -      | -      | 15     | 0    | 0    | -    | -    | -     | 0    | 0    | 
|Pacman_Movement | A*B            | 18     | 18     | -      | -      | 48     | 0    | 0    | -    | -    | -     | 0    | 0    | 
|Pacman_Movement | (PCIN>>17)+A*B | 15     | 15     | -      | -      | 15     | 0    | 0    | -    | -    | -     | 0    | 0    | 
|Pacman_Movement | A*B            | 15     | 15     | -      | -      | 15     | 0    | 0    | -    | -    | -     | 0    | 0    | 
|Pacman_Movement | A*B            | 18     | 18     | -      | -      | 48     | 0    | 0    | -    | -    | -     | 0    | 0    | 
|Pacman_Movement | (PCIN>>17)+A*B | 15     | 15     | -      | -      | 15     | 0    | 0    | -    | -    | -     | 0    | 0    | 
|Pacman_Movement | A*B            | 15     | 15     | -      | -      | 15     | 0    | 0    | -    | -    | -     | 0    | 0    | 
|Pacman_Movement | A*B            | 18     | 18     | -      | -      | 48     | 0    | 0    | -    | -    | -     | 0    | 0    | 
|Pacman_Movement | (PCIN>>17)+A*B | 15     | 15     | -      | -      | 15     | 0    | 0    | -    | -    | -     | 0    | 0    | 
|Pacman_Movement | A*B            | 15     | 15     | -      | -      | 15     | 0    | 0    | -    | -    | -     | 0    | 0    | 
|Pacman_Movement | A*B            | 18     | 18     | -      | -      | 48     | 0    | 0    | -    | -    | -     | 0    | 0    | 
|Pacman_Movement | (PCIN>>17)+A*B | 15     | 15     | -      | -      | 15     | 0    | 0    | -    | -    | -     | 0    | 0    | 
|Pacman_Movement | A*B            | 15     | 15     | -      | -      | 15     | 0    | 0    | -    | -    | -     | 0    | 0    | 
|Pacman_Movement | A*B            | 18     | 18     | -      | -      | 48     | 0    | 0    | -    | -    | -     | 0    | 0    | 
|Pacman_Movement | (PCIN>>17)+A*B | 15     | 15     | -      | -      | 15     | 0    | 0    | -    | -    | -     | 0    | 0    | 
|Pacman_Movement | A*B            | 15     | 15     | -      | -      | 15     | 0    | 0    | -    | -    | -     | 0    | 0    | 
|Pacman_Movement | A*B            | 18     | 18     | -      | -      | 48     | 0    | 0    | -    | -    | -     | 0    | 0    | 
|Pacman_Movement | (PCIN>>17)+A*B | 15     | 15     | -      | -      | 15     | 0    | 0    | -    | -    | -     | 0    | 0    | 
|Pacman_Movement | A*B            | 15     | 15     | -      | -      | 15     | 0    | 0    | -    | -    | -     | 0    | 0    | 
|Pacman_Movement | A*B            | 18     | 18     | -      | -      | 48     | 0    | 0    | -    | -    | -     | 0    | 0    | 
|Pacman_Movement | (PCIN>>17)+A*B | 15     | 15     | -      | -      | 15     | 0    | 0    | -    | -    | -     | 0    | 0    | 
|Pacman_Movement | A*B            | 15     | 15     | -      | -      | 15     | 0    | 0    | -    | -    | -     | 0    | 0    | 
|Pacman_Movement | A*B            | 15     | 15     | -      | -      | 15     | 0    | 0    | -    | -    | -     | 0    | 0    | 
|Pacman_Movement | A*B            | 18     | 18     | -      | -      | 48     | 0    | 0    | -    | -    | -     | 0    | 0    | 
|Pacman_Movement | (PCIN>>17)+A*B | 15     | 15     | -      | -      | 15     | 0    | 0    | -    | -    | -     | 0    | 0    | 
|Pacman_Movement | A*B            | 18     | 18     | -      | -      | 48     | 0    | 0    | -    | -    | -     | 0    | 0    | 
|Pacman_Movement | (PCIN>>17)+A*B | 15     | 15     | -      | -      | 15     | 0    | 0    | -    | -    | -     | 0    | 0    | 
|Pacman_Movement | A*B            | 15     | 15     | -      | -      | 15     | 0    | 0    | -    | -    | -     | 0    | 0    | 
|Pacman_Movement | A*B            | 18     | 18     | -      | -      | 48     | 0    | 0    | -    | -    | -     | 0    | 0    | 
|Pacman_Movement | (PCIN>>17)+A*B | 15     | 15     | -      | -      | 15     | 0    | 0    | -    | -    | -     | 0    | 0    | 
|Pacman_Movement | A*B            | 15     | 15     | -      | -      | 15     | 0    | 0    | -    | -    | -     | 0    | 0    | 
|Pacman_Movement | A*B            | 18     | 18     | -      | -      | 48     | 0    | 0    | -    | -    | -     | 0    | 0    | 
|Pacman_Movement | (PCIN>>17)+A*B | 15     | 15     | -      | -      | 15     | 0    | 0    | -    | -    | -     | 0    | 0    | 
|Pacman_Movement | A*B            | 15     | 15     | -      | -      | 15     | 0    | 0    | -    | -    | -     | 0    | 0    | 
|Pacman_Movement | A*B            | 18     | 18     | -      | -      | 48     | 0    | 0    | -    | -    | -     | 0    | 0    | 
|Pacman_Movement | (PCIN>>17)+A*B | 15     | 15     | -      | -      | 15     | 0    | 0    | -    | -    | -     | 0    | 0    | 
|Pacman_Movement | A*B            | 15     | 15     | -      | -      | 15     | 0    | 0    | -    | -    | -     | 0    | 0    | 
|Pacman_Movement | A*B            | 18     | 18     | -      | -      | 48     | 0    | 0    | -    | -    | -     | 0    | 0    | 
|Pacman_Movement | (PCIN>>17)+A*B | 15     | 15     | -      | -      | 15     | 0    | 0    | -    | -    | -     | 0    | 0    | 
|Pacman_Movement | A*B            | 15     | 15     | -      | -      | 15     | 0    | 0    | -    | -    | -     | 0    | 0    | 
|Pacman_Movement | A*B            | 18     | 18     | -      | -      | 48     | 0    | 0    | -    | -    | -     | 0    | 0    | 
|Pacman_Movement | (PCIN>>17)+A*B | 15     | 15     | -      | -      | 15     | 0    | 0    | -    | -    | -     | 0    | 0    | 
|Pacman_Movement | A*B            | 15     | 15     | -      | -      | 15     | 0    | 0    | -    | -    | -     | 0    | 0    | 
|Pacman_Movement | A*B            | 18     | 18     | -      | -      | 48     | 0    | 0    | -    | -    | -     | 0    | 0    | 
|Pacman_Movement | (PCIN>>17)+A*B | 15     | 15     | -      | -      | 15     | 0    | 0    | -    | -    | -     | 0    | 0    | 
|Pacman_Movement | A*B            | 15     | 15     | -      | -      | 15     | 0    | 0    | -    | -    | -     | 0    | 0    | 
|Pacman_Movement | A*B            | 18     | 18     | -      | -      | 48     | 0    | 0    | -    | -    | -     | 0    | 0    | 
|Pacman_Movement | (PCIN>>17)+A*B | 15     | 15     | -      | -      | 15     | 0    | 0    | -    | -    | -     | 0    | 0    | 
|Pacman_Movement | A*B            | 15     | 15     | -      | -      | 15     | 0    | 0    | -    | -    | -     | 0    | 0    | 
|Pacman_Movement | A*B            | 18     | 18     | -      | -      | 48     | 0    | 0    | -    | -    | -     | 0    | 0    | 
|Pacman_Movement | (PCIN>>17)+A*B | 15     | 15     | -      | -      | 15     | 0    | 0    | -    | -    | -     | 0    | 0    | 
|Pacman_Movement | A*B            | 15     | 15     | -      | -      | 15     | 0    | 0    | -    | -    | -     | 0    | 0    | 
|Pacman_Movement | A*B            | 18     | 18     | -      | -      | 48     | 0    | 0    | -    | -    | -     | 0    | 0    | 
|Pacman_Movement | (PCIN>>17)+A*B | 15     | 15     | -      | -      | 15     | 0    | 0    | -    | -    | -     | 0    | 0    | 
|Pacman_Movement | A*B            | 15     | 15     | -      | -      | 15     | 0    | 0    | -    | -    | -     | 0    | 0    | 
|Pacman_Movement | A*B            | 18     | 18     | -      | -      | 48     | 0    | 0    | -    | -    | -     | 0    | 0    | 
|Pacman_Movement | (PCIN>>17)+A*B | 15     | 15     | -      | -      | 15     | 0    | 0    | -    | -    | -     | 0    | 0    | 
|Pacman_Movement | A*B            | 15     | 15     | -      | -      | 15     | 0    | 0    | -    | -    | -     | 0    | 0    | 
|Pacman_Movement | A*B            | 18     | 18     | -      | -      | 48     | 0    | 0    | -    | -    | -     | 0    | 0    | 
|Pacman_Movement | (PCIN>>17)+A*B | 15     | 15     | -      | -      | 15     | 0    | 0    | -    | -    | -     | 0    | 0    | 
|Pacman_Movement | A*B            | 15     | 15     | -      | -      | 15     | 0    | 0    | -    | -    | -     | 0    | 0    | 
|Pacman_Movement | A*B            | 18     | 18     | -      | -      | 48     | 0    | 0    | -    | -    | -     | 0    | 0    | 
|Pacman_Movement | (PCIN>>17)+A*B | 15     | 15     | -      | -      | 15     | 0    | 0    | -    | -    | -     | 0    | 0    | 
|pixel_gen       | A*B            | 15     | 15     | -      | -      | 15     | 0    | 0    | -    | -    | -     | 0    | 0    | 
|pixel_gen       | A*B            | 15     | 15     | -      | -      | 15     | 0    | 0    | -    | -    | -     | 0    | 0    | 
|pixel_gen       | A*B            | 18     | 18     | -      | -      | 48     | 0    | 0    | -    | -    | -     | 0    | 0    | 
|pixel_gen       | (PCIN>>17)+A*B | 15     | 15     | -      | -      | 15     | 0    | 0    | -    | -    | -     | 0    | 0    | 
|pixel_gen       | A*B            | 18     | 18     | -      | -      | 48     | 0    | 0    | -    | -    | -     | 0    | 0    | 
|pixel_gen       | (PCIN>>17)+A*B | 15     | 15     | -      | -      | 15     | 0    | 0    | -    | -    | -     | 0    | 0    | 
|pixel_gen       | A*B            | 15     | 15     | -      | -      | 15     | 0    | 0    | -    | -    | -     | 0    | 0    | 
|pixel_gen       | A*B            | 18     | 18     | -      | -      | 48     | 0    | 0    | -    | -    | -     | 0    | 0    | 
|pixel_gen       | (PCIN>>17)+A*B | 15     | 15     | -      | -      | 15     | 0    | 0    | -    | -    | -     | 0    | 0    | 
|pixel_gen       | A*B            | 15     | 15     | -      | -      | 15     | 0    | 0    | -    | -    | -     | 0    | 0    | 
|pixel_gen       | A*B            | 18     | 18     | -      | -      | 48     | 0    | 0    | -    | -    | -     | 0    | 0    | 
|pixel_gen       | (PCIN>>17)+A*B | 15     | 15     | -      | -      | 15     | 0    | 0    | -    | -    | -     | 0    | 0    | 
|pixel_gen       | A*B            | 15     | 15     | -      | -      | 15     | 0    | 0    | -    | -    | -     | 0    | 0    | 
|pixel_gen       | A*B            | 18     | 18     | -      | -      | 48     | 0    | 0    | -    | -    | -     | 0    | 0    | 
|pixel_gen       | (PCIN>>17)+A*B | 15     | 15     | -      | -      | 15     | 0    | 0    | -    | -    | -     | 0    | 0    | 
|pixel_gen       | A*B            | 15     | 15     | -      | -      | 15     | 0    | 0    | -    | -    | -     | 0    | 0    | 
|pixel_gen       | A*B            | 18     | 18     | -      | -      | 48     | 0    | 0    | -    | -    | -     | 0    | 0    | 
|pixel_gen       | (PCIN>>17)+A*B | 15     | 15     | -      | -      | 15     | 0    | 0    | -    | -    | -     | 0    | 0    | 
|pixel_gen       | A*B            | 15     | 15     | -      | -      | 15     | 0    | 0    | -    | -    | -     | 0    | 0    | 
|pixel_gen       | A*B            | 18     | 18     | -      | -      | 48     | 0    | 0    | -    | -    | -     | 0    | 0    | 
|pixel_gen       | (PCIN>>17)+A*B | 15     | 15     | -      | -      | 15     | 0    | 0    | -    | -    | -     | 0    | 0    | 
|pixel_gen       | A*B            | 15     | 15     | -      | -      | 15     | 0    | 0    | -    | -    | -     | 0    | 0    | 
|pixel_gen       | A*B            | 18     | 18     | -      | -      | 48     | 0    | 0    | -    | -    | -     | 0    | 0    | 
|pixel_gen       | (PCIN>>17)+A*B | 15     | 15     | -      | -      | 15     | 0    | 0    | -    | -    | -     | 0    | 0    | 
|pixel_gen       | A*B            | 15     | 15     | -      | -      | 15     | 0    | 0    | -    | -    | -     | 0    | 0    | 
|pixel_gen       | A*B            | 18     | 18     | -      | -      | 48     | 0    | 0    | -    | -    | -     | 0    | 0    | 
|pixel_gen       | (PCIN>>17)+A*B | 15     | 15     | -      | -      | 15     | 0    | 0    | -    | -    | -     | 0    | 0    | 
|pixel_gen       | A*B            | 15     | 15     | -      | -      | 15     | 0    | 0    | -    | -    | -     | 0    | 0    | 
|pixel_gen       | A*B            | 18     | 18     | -      | -      | 48     | 0    | 0    | -    | -    | -     | 0    | 0    | 
|pixel_gen       | (PCIN>>17)+A*B | 15     | 15     | -      | -      | 15     | 0    | 0    | -    | -    | -     | 0    | 0    | 
|pixel_gen       | A*B            | 15     | 15     | -      | -      | 15     | 0    | 0    | -    | -    | -     | 0    | 0    | 
|pixel_gen       | A*B            | 18     | 18     | -      | -      | 48     | 0    | 0    | -    | -    | -     | 0    | 0    | 
|pixel_gen       | (PCIN>>17)+A*B | 15     | 15     | -      | -      | 15     | 0    | 0    | -    | -    | -     | 0    | 0    | 
|pixel_gen       | A*B            | 15     | 15     | -      | -      | 15     | 0    | 0    | -    | -    | -     | 0    | 0    | 
|pixel_gen       | A*B            | 18     | 18     | -      | -      | 48     | 0    | 0    | -    | -    | -     | 0    | 0    | 
|pixel_gen       | (PCIN>>17)+A*B | 15     | 15     | -      | -      | 15     | 0    | 0    | -    | -    | -     | 0    | 0    | 
|pixel_gen       | A*B            | 15     | 15     | -      | -      | 15     | 0    | 0    | -    | -    | -     | 0    | 0    | 
|pixel_gen       | A*B            | 15     | 15     | -      | -      | 15     | 0    | 0    | -    | -    | -     | 0    | 0    | 
|pixel_gen       | A*B            | 18     | 18     | -      | -      | 48     | 0    | 0    | -    | -    | -     | 0    | 0    | 
|pixel_gen       | (PCIN>>17)+A*B | 15     | 15     | -      | -      | 15     | 0    | 0    | -    | -    | -     | 0    | 0    | 
|pixel_gen       | A*B            | 18     | 18     | -      | -      | 48     | 0    | 0    | -    | -    | -     | 0    | 0    | 
|pixel_gen       | (PCIN>>17)+A*B | 15     | 15     | -      | -      | 15     | 0    | 0    | -    | -    | -     | 0    | 0    | 
|pixel_gen       | A*B            | 15     | 15     | -      | -      | 15     | 0    | 0    | -    | -    | -     | 0    | 0    | 
|pixel_gen       | A*B            | 18     | 18     | -      | -      | 48     | 0    | 0    | -    | -    | -     | 0    | 0    | 
|pixel_gen       | (PCIN>>17)+A*B | 15     | 15     | -      | -      | 15     | 0    | 0    | -    | -    | -     | 0    | 0    | 
|pixel_gen       | A*B            | 15     | 15     | -      | -      | 15     | 0    | 0    | -    | -    | -     | 0    | 0    | 
|pixel_gen       | A*B            | 18     | 18     | -      | -      | 48     | 0    | 0    | -    | -    | -     | 0    | 0    | 
|pixel_gen       | (PCIN>>17)+A*B | 15     | 15     | -      | -      | 15     | 0    | 0    | -    | -    | -     | 0    | 0    | 
|pixel_gen       | A*B            | 15     | 15     | -      | -      | 15     | 0    | 0    | -    | -    | -     | 0    | 0    | 
|pixel_gen       | A*B            | 18     | 18     | -      | -      | 48     | 0    | 0    | -    | -    | -     | 0    | 0    | 
|pixel_gen       | (PCIN>>17)+A*B | 15     | 15     | -      | -      | 15     | 0    | 0    | -    | -    | -     | 0    | 0    | 
|pixel_gen       | A*B            | 15     | 15     | -      | -      | 15     | 0    | 0    | -    | -    | -     | 0    | 0    | 
|pixel_gen       | A*B            | 18     | 18     | -      | -      | 48     | 0    | 0    | -    | -    | -     | 0    | 0    | 
|pixel_gen       | (PCIN>>17)+A*B | 15     | 15     | -      | -      | 15     | 0    | 0    | -    | -    | -     | 0    | 0    | 
|pixel_gen       | A*B            | 15     | 15     | -      | -      | 15     | 0    | 0    | -    | -    | -     | 0    | 0    | 
|pixel_gen       | A*B            | 18     | 18     | -      | -      | 48     | 0    | 0    | -    | -    | -     | 0    | 0    | 
|pixel_gen       | (PCIN>>17)+A*B | 15     | 15     | -      | -      | 15     | 0    | 0    | -    | -    | -     | 0    | 0    | 
|pixel_gen       | A*B            | 15     | 15     | -      | -      | 15     | 0    | 0    | -    | -    | -     | 0    | 0    | 
|pixel_gen       | A*B            | 18     | 18     | -      | -      | 48     | 0    | 0    | -    | -    | -     | 0    | 0    | 
|pixel_gen       | (PCIN>>17)+A*B | 15     | 15     | -      | -      | 15     | 0    | 0    | -    | -    | -     | 0    | 0    | 
|pixel_gen       | A*B            | 15     | 15     | -      | -      | 15     | 0    | 0    | -    | -    | -     | 0    | 0    | 
|pixel_gen       | A*B            | 18     | 18     | -      | -      | 48     | 0    | 0    | -    | -    | -     | 0    | 0    | 
|pixel_gen       | (PCIN>>17)+A*B | 15     | 15     | -      | -      | 15     | 0    | 0    | -    | -    | -     | 0    | 0    | 
|pixel_gen       | A*B            | 15     | 15     | -      | -      | 15     | 0    | 0    | -    | -    | -     | 0    | 0    | 
|pixel_gen       | A*B            | 15     | 15     | -      | -      | 15     | 0    | 0    | -    | -    | -     | 0    | 0    | 
|pixel_gen       | A*B            | 18     | 18     | -      | -      | 48     | 0    | 0    | -    | -    | -     | 0    | 0    | 
|pixel_gen       | (PCIN>>17)+A*B | 15     | 15     | -      | -      | 15     | 0    | 0    | -    | -    | -     | 0    | 0    | 
|pixel_gen       | A*B            | 18     | 18     | -      | -      | 48     | 0    | 0    | -    | -    | -     | 0    | 0    | 
|pixel_gen       | (PCIN>>17)+A*B | 15     | 15     | -      | -      | 15     | 0    | 0    | -    | -    | -     | 0    | 0    | 
|pixel_gen       | A*B            | 18     | 16     | -      | -      | 48     | 0    | 0    | -    | -    | -     | 0    | 0    | 
|pixel_gen       | (PCIN>>17)+A*B | 16     | 16     | -      | -      | 48     | 0    | 0    | -    | -    | -     | 0    | 0    | 
|pixel_gen       | A*B            | 18     | 18     | -      | -      | 48     | 0    | 0    | -    | -    | -     | 0    | 0    | 
|pixel_gen       | (PCIN>>17)+A*B | 18     | 16     | -      | -      | 48     | 0    | 0    | -    | -    | -     | 0    | 0    | 
|pixel_gen       | A*B            | 18     | 16     | -      | -      | 48     | 0    | 0    | -    | -    | -     | 0    | 0    | 
|pixel_gen       | (PCIN>>17)+A*B | 16     | 16     | -      | -      | 48     | 0    | 0    | -    | -    | -     | 0    | 0    | 
|pixel_gen       | A*B            | 18     | 18     | -      | -      | 48     | 0    | 0    | -    | -    | -     | 0    | 0    | 
|pixel_gen       | (PCIN>>17)+A*B | 18     | 16     | -      | -      | 48     | 0    | 0    | -    | -    | -     | 0    | 0    | 
|pixel_gen       | A*B            | 18     | 16     | -      | -      | 48     | 0    | 0    | -    | -    | -     | 0    | 0    | 
|pixel_gen       | (PCIN>>17)+A*B | 16     | 16     | -      | -      | 48     | 0    | 0    | -    | -    | -     | 0    | 0    | 
|pixel_gen       | A*B            | 18     | 18     | -      | -      | 48     | 0    | 0    | -    | -    | -     | 0    | 0    | 
|pixel_gen       | (PCIN>>17)+A*B | 18     | 16     | -      | -      | 48     | 0    | 0    | -    | -    | -     | 0    | 0    | 
|pixel_gen       | A*B            | 18     | 16     | -      | -      | 48     | 0    | 0    | -    | -    | -     | 0    | 0    | 
|pixel_gen       | (PCIN>>17)+A*B | 16     | 16     | -      | -      | 48     | 0    | 0    | -    | -    | -     | 0    | 0    | 
|pixel_gen       | A*B            | 18     | 18     | -      | -      | 48     | 0    | 0    | -    | -    | -     | 0    | 0    | 
|pixel_gen       | (PCIN>>17)+A*B | 18     | 16     | -      | -      | 48     | 0    | 0    | -    | -    | -     | 0    | 0    | 
|pixel_gen       | A*B            | 18     | 16     | -      | -      | 48     | 0    | 0    | -    | -    | -     | 0    | 0    | 
|pixel_gen       | (PCIN>>17)+A*B | 16     | 16     | -      | -      | 48     | 0    | 0    | -    | -    | -     | 0    | 0    | 
|pixel_gen       | A*B            | 18     | 18     | -      | -      | 48     | 0    | 0    | -    | -    | -     | 0    | 0    | 
|pixel_gen       | (PCIN>>17)+A*B | 18     | 16     | -      | -      | 48     | 0    | 0    | -    | -    | -     | 0    | 0    | 
|pixel_gen       | A*B            | 18     | 16     | -      | -      | 48     | 0    | 0    | -    | -    | -     | 0    | 0    | 
|pixel_gen       | (PCIN>>17)+A*B | 16     | 16     | -      | -      | 48     | 0    | 0    | -    | -    | -     | 0    | 0    | 
|pixel_gen       | A*B            | 18     | 18     | -      | -      | 48     | 0    | 0    | -    | -    | -     | 0    | 0    | 
|pixel_gen       | (PCIN>>17)+A*B | 18     | 16     | -      | -      | 48     | 0    | 0    | -    | -    | -     | 0    | 0    | 
|top             | A*B            | 18     | 16     | -      | -      | 48     | 0    | 0    | -    | -    | -     | 0    | 0    | 
|top             | (PCIN>>17)+A*B | 16     | 16     | -      | -      | 48     | 0    | 0    | -    | -    | -     | 0    | 0    | 
|top             | A*B            | 18     | 18     | -      | -      | 48     | 0    | 0    | -    | -    | -     | 0    | 0    | 
|top             | (PCIN>>17)+A*B | 18     | 16     | -      | -      | 48     | 0    | 0    | -    | -    | -     | 0    | 0    | 
|top             | A*B            | 18     | 16     | -      | -      | 48     | 0    | 0    | -    | -    | -     | 0    | 0    | 
|top             | (PCIN>>17)+A*B | 16     | 16     | -      | -      | 48     | 0    | 0    | -    | -    | -     | 0    | 0    | 
|top             | A*B            | 18     | 18     | -      | -      | 48     | 0    | 0    | -    | -    | -     | 0    | 0    | 
|top             | (PCIN>>17)+A*B | 18     | 16     | -      | -      | 48     | 0    | 0    | -    | -    | -     | 0    | 0    | 
|top             | A*B            | 18     | 16     | -      | -      | 48     | 0    | 0    | -    | -    | -     | 0    | 0    | 
|top             | (PCIN>>17)+A*B | 16     | 16     | -      | -      | 48     | 0    | 0    | -    | -    | -     | 0    | 0    | 
|top             | A*B            | 18     | 18     | -      | -      | 48     | 0    | 0    | -    | -    | -     | 0    | 0    | 
|top             | (PCIN>>17)+A*B | 18     | 16     | -      | -      | 48     | 0    | 0    | -    | -    | -     | 0    | 0    | 
|top             | A*B            | 18     | 16     | -      | -      | 48     | 0    | 0    | -    | -    | -     | 0    | 0    | 
|top             | (PCIN>>17)+A*B | 16     | 16     | -      | -      | 48     | 0    | 0    | -    | -    | -     | 0    | 0    | 
|top             | A*B            | 18     | 18     | -      | -      | 48     | 0    | 0    | -    | -    | -     | 0    | 0    | 
|top             | (PCIN>>17)+A*B | 18     | 16     | -      | -      | 48     | 0    | 0    | -    | -    | -     | 0    | 0    | 
+----------------+----------------+--------+--------+--------+--------+--------+------+------+------+------+-------+------+------+

Note: The table above is a preliminary report that shows the DSPs inferred at the current stage of the synthesis flow. Some DSP may be reimplemented as non DSP primitives later in the synthesis flow. Multiple instantiated DSPs are reported only once.
---------------------------------------------------------------------------------
Finished ROM, RAM, DSP and Shift Register Reporting
---------------------------------------------------------------------------------
---------------------------------------------------------------------------------
Start Applying XDC Timing Constraints
---------------------------------------------------------------------------------
---------------------------------------------------------------------------------
Finished Applying XDC Timing Constraints : Time (s): cpu = 00:01:19 ; elapsed = 00:01:20 . Memory (MB): peak = 1021.875 ; gain = 8.469
---------------------------------------------------------------------------------
---------------------------------------------------------------------------------
Start Timing Optimization
---------------------------------------------------------------------------------
---------------------------------------------------------------------------------
Finished Timing Optimization : Time (s): cpu = 00:01:21 ; elapsed = 00:01:21 . Memory (MB): peak = 1045.648 ; gain = 32.242
---------------------------------------------------------------------------------
---------------------------------------------------------------------------------
Start Technology Mapping
---------------------------------------------------------------------------------
---------------------------------------------------------------------------------
Finished Technology Mapping : Time (s): cpu = 00:01:32 ; elapsed = 00:01:33 . Memory (MB): peak = 1658.480 ; gain = 645.074
---------------------------------------------------------------------------------
---------------------------------------------------------------------------------
Start IO Insertion
---------------------------------------------------------------------------------
---------------------------------------------------------------------------------
Start Flattening Before IO Insertion
---------------------------------------------------------------------------------
---------------------------------------------------------------------------------
Finished Flattening Before IO Insertion
---------------------------------------------------------------------------------
---------------------------------------------------------------------------------
Start Final Netlist Cleanup
---------------------------------------------------------------------------------
---------------------------------------------------------------------------------
Finished Final Netlist Cleanup
---------------------------------------------------------------------------------
---------------------------------------------------------------------------------
Finished IO Insertion : Time (s): cpu = 00:01:40 ; elapsed = 00:01:41 . Memory (MB): peak = 1658.480 ; gain = 645.074
---------------------------------------------------------------------------------
---------------------------------------------------------------------------------
Start Renaming Generated Instances
---------------------------------------------------------------------------------
---------------------------------------------------------------------------------
Finished Renaming Generated Instances : Time (s): cpu = 00:01:40 ; elapsed = 00:01:41 . Memory (MB): peak = 1658.480 ; gain = 645.074
---------------------------------------------------------------------------------
---------------------------------------------------------------------------------
Start Rebuilding User Hierarchy
---------------------------------------------------------------------------------
---------------------------------------------------------------------------------
Finished Rebuilding User Hierarchy : Time (s): cpu = 00:01:41 ; elapsed = 00:01:42 . Memory (MB): peak = 1658.480 ; gain = 645.074
---------------------------------------------------------------------------------
---------------------------------------------------------------------------------
Start Renaming Generated Ports
---------------------------------------------------------------------------------
---------------------------------------------------------------------------------
Finished Renaming Generated Ports : Time (s): cpu = 00:01:41 ; elapsed = 00:01:42 . Memory (MB): peak = 1658.480 ; gain = 645.074
---------------------------------------------------------------------------------
---------------------------------------------------------------------------------
Start Handling Custom Attributes
---------------------------------------------------------------------------------
---------------------------------------------------------------------------------
Finished Handling Custom Attributes : Time (s): cpu = 00:01:41 ; elapsed = 00:01:43 . Memory (MB): peak = 1658.480 ; gain = 645.074
---------------------------------------------------------------------------------
---------------------------------------------------------------------------------
Start Renaming Generated Nets
---------------------------------------------------------------------------------
---------------------------------------------------------------------------------
Finished Renaming Generated Nets : Time (s): cpu = 00:01:41 ; elapsed = 00:01:43 . Memory (MB): peak = 1658.480 ; gain = 645.074
---------------------------------------------------------------------------------
---------------------------------------------------------------------------------
Start Writing Synthesis Report
---------------------------------------------------------------------------------

Report BlackBoxes: 
+-+--------------+----------+
| |BlackBox name |Instances |
+-+--------------+----------+
+-+--------------+----------+

Report Cell Usage: 
+------+--------+------+
|      |Cell    |Count |
+------+--------+------+
|1     |BUFG    |     3|
|2     |CARRY4  |  3159|
|3     |DSP48E1 |    80|
|4     |LUT1    |   302|
|5     |LUT2    |  5194|
|6     |LUT3    |  3484|
|7     |LUT4    |  3258|
|8     |LUT5    |  1810|
|9     |LUT6    |  2661|
|10    |FDRE    |   223|
|11    |IBUF    |     5|
|12    |OBUF    |    14|
+------+--------+------+
---------------------------------------------------------------------------------
Finished Writing Synthesis Report : Time (s): cpu = 00:01:41 ; elapsed = 00:01:43 . Memory (MB): peak = 1658.480 ; gain = 645.074
---------------------------------------------------------------------------------
Synthesis finished with 0 errors, 0 critical warnings and 0 warnings.
Synthesis Optimization Runtime : Time (s): cpu = 00:01:29 ; elapsed = 00:01:40 . Memory (MB): peak = 1658.480 ; gain = 645.074
Synthesis Optimization Complete : Time (s): cpu = 00:01:42 ; elapsed = 00:01:43 . Memory (MB): peak = 1658.480 ; gain = 645.074
INFO: [Project 1-571] Translating synthesized netlist
Netlist sorting complete. Time (s): cpu = 00:00:01 ; elapsed = 00:00:00.495 . Memory (MB): peak = 1658.480 ; gain = 0.000
INFO: [Netlist 29-17] Analyzing 3239 Unisim elements for replacement
INFO: [Netlist 29-28] Unisim Transformation completed in 0 CPU seconds
INFO: [Project 1-570] Preparing netlist for logic optimization
INFO: [Opt 31-138] Pushed 0 inverter(s) to 0 load pin(s).
Netlist sorting complete. Time (s): cpu = 00:00:00 ; elapsed = 00:00:00.007 . Memory (MB): peak = 1658.480 ; gain = 0.000
INFO: [Project 1-111] Unisim Transformation Summary:
No Unisim elements were transformed.

INFO: [Common 17-83] Releasing license: Synthesis
35 Infos, 8 Warnings, 0 Critical Warnings and 0 Errors encountered.
synth_design completed successfully
synth_design: Time (s): cpu = 00:01:55 ; elapsed = 00:01:58 . Memory (MB): peak = 1658.480 ; gain = 645.074
INFO: [Common 17-1381] The checkpoint 'C:/Users/DELL/Desktop/dld/lab_10/lab_10.runs/synth_1/top.dcp' has been generated.
write_checkpoint: Time (s): cpu = 00:00:07 ; elapsed = 00:00:05 . Memory (MB): peak = 1658.480 ; gain = 0.000
INFO: [runtcl-4] Executing : report_utilization -file top_utilization_synth.rpt -pb top_utilization_synth.pb
INFO: [Common 17-206] Exiting Vivado at Tue Dec 13 11:48:02 2022...
